2025-09-03 08:46:49,804 - MainThread - INFO - Loaded 2 user configurations
2025-09-03 08:46:51,807 - MainThread - INFO - Started 2 user forwarding threads
2025-09-03 08:46:52,669 - Forwarder-+919720613767 - INFO - [+919720613767] Client connected successfully
2025-09-03 08:46:52,788 - Forwarder-+917354769260 - INFO - [+917354769260] Client connected successfully
2025-09-03 08:46:53,036 - Forwarder-+919720613767 - ERROR - [+919720613767] Failed to get entity -1002899891880: Cannot find any entity corresponding to "-1002899891880"
2025-09-03 08:46:53,354 - Forwarder-+917354769260 - INFO - [+917354769260] SUCCESS: Forwarded to https://t.me/AutoAdsService
2025-09-03 08:46:54,395 - Forwarder-+919720613767 - ERROR - [+919720613767] Failed to get entity -1002899891880: Cannot find any entity corresponding to "-1002899891880"
2025-09-03 08:46:54,936 - Forwarder-+917354769260 - ERROR - [+917354769260] Failed to get entity -1003089800937: Cannot find any entity corresponding to "-1003089800937"
2025-09-03 08:46:55,767 - Forwarder-+919720613767 - ERROR - [+919720613767] Failed to get entity -1002899891880: Cannot find any entity corresponding to "-1002899891880"
2025-09-03 08:46:56,292 - Forwarder-+917354769260 - ERROR - [+917354769260] Failed to get entity -1003089800937: Cannot find any entity corresponding to "-1003089800937"
2025-09-03 08:46:56,769 - Forwarder-+919720613767 - INFO - [+919720613767] Cycle 1 completed: 0/3 successful in 4.1s
2025-09-03 08:46:57,697 - Forwarder-+917354769260 - ERROR - [+917354769260] Failed to get entity -1003089800937: Cannot find any entity corresponding to "-1003089800937"
2025-09-03 08:46:58,700 - Forwarder-+917354769260 - ERROR - [+917354769260] Failed to get entity @+BpfSkmJMvTMyOWI9: Cannot find any entity corresponding to "@+BpfSkmJMvTMyOWI9"
2025-09-03 08:46:59,702 - Forwarder-+917354769260 - INFO - [+917354769260] Cycle 1 completed: 1/5 successful in 6.9s
2025-09-03 08:47:57,116 - Forwarder-+919720613767 - ERROR - [+919720613767] Failed to get entity -1002899891880: Cannot find any entity corresponding to "-1002899891880"
2025-09-03 08:47:58,551 - Forwarder-+919720613767 - ERROR - [+919720613767] Failed to get entity -1002899891880: Cannot find any entity corresponding to "-1002899891880"
2025-09-03 08:47:59,929 - Forwarder-+919720613767 - ERROR - [+919720613767] Failed to get entity -1002899891880: Cannot find any entity corresponding to "-1002899891880"
2025-09-03 08:48:00,251 - Forwarder-+917354769260 - INFO - [+917354769260] SUCCESS: Forwarded to https://t.me/AutoAdsService
2025-09-03 08:48:00,932 - Forwarder-+919720613767 - INFO - [+919720613767] Cycle 2 completed: 0/3 successful in 4.2s
2025-09-03 08:48:01,653 - Forwarder-+917354769260 - ERROR - [+917354769260] Failed to get entity -1003089800937: Cannot find any entity corresponding to "-1003089800937"
2025-09-03 08:48:03,056 - Forwarder-+917354769260 - ERROR - [+917354769260] Failed to get entity -1003089800937: Cannot find any entity corresponding to "-1003089800937"
2025-09-03 08:48:04,477 - Forwarder-+917354769260 - ERROR - [+917354769260] Failed to get entity -1003089800937: Cannot find any entity corresponding to "-1003089800937"
2025-09-03 08:48:05,480 - Forwarder-+917354769260 - ERROR - [+917354769260] Failed to get entity @+BpfSkmJMvTMyOWI9: Cannot find any entity corresponding to "@+BpfSkmJMvTMyOWI9"
2025-09-03 08:48:06,483 - Forwarder-+917354769260 - INFO - [+917354769260] Cycle 2 completed: 1/5 successful in 6.8s
2025-09-03 08:49:00,979 - Forwarder-+919720613767 - INFO - [+919720613767] Final stats: 0 successful, 6 failed (Runtime: 2m 8s)
2025-09-03 08:49:00,982 - MainThread - INFO - All user forwarding threads stopped
2025-09-03 08:49:06,509 - Forwarder-+917354769260 - INFO - [+917354769260] Final stats: 2 successful, 8 failed (Runtime: 2m 13s)
