2025-09-03 08:49:39,055 - MainThread - INFO - Loaded 2 user configurations
2025-09-03 08:49:41,064 - MainThread - INFO - Started 2 user forwarding threads
2025-09-03 08:49:42,025 - Forwarder-+919720613767 - INFO - [+919720613767] Client connected successfully
2025-09-03 08:49:42,121 - Forwarder-+917354769260 - INFO - [+917354769260] Client connected successfully
2025-09-03 08:49:42,583 - Forwarder-+919720613767 - ERROR - [+919720613767] Failed to get entity -1002899891880: Cannot find any entity corresponding to "-1002899891880"
2025-09-03 08:49:42,796 - Forwarder-+917354769260 - INFO - [+917354769260] SUCCESS: Forwarded to https://t.me/AutoAdsService
2025-09-03 08:49:43,974 - Forwarder-+919720613767 - ERROR - [+919720613767] Failed to get entity -1002899891880: Cannot find any entity corresponding to "-1002899891880"
2025-09-03 08:49:44,217 - Forwarder-+917354769260 - ERROR - [+917354769260] Failed to get entity -1003089800937: Cannot find any entity corresponding to "-1003089800937"
2025-09-03 08:49:45,315 - Forwarder-+919720613767 - ERROR - [+919720613767] Failed to get entity -1002899891880: Cannot find any entity corresponding to "-1002899891880"
2025-09-03 08:49:45,580 - Forwarder-+917354769260 - ERROR - [+917354769260] Failed to get entity -1003089800937: Cannot find any entity corresponding to "-1003089800937"
2025-09-03 08:49:46,318 - Forwarder-+919720613767 - INFO - [+919720613767] Cycle 1 completed: 0/3 successful in 4.3s
2025-09-03 08:49:46,984 - Forwarder-+917354769260 - ERROR - [+917354769260] Failed to get entity -1003089800937: Cannot find any entity corresponding to "-1003089800937"
2025-09-03 08:49:47,989 - Forwarder-+917354769260 - ERROR - [+917354769260] Failed to get entity @+BpfSkmJMvTMyOWI9: Cannot find any entity corresponding to "@+BpfSkmJMvTMyOWI9"
2025-09-03 08:49:48,991 - Forwarder-+917354769260 - INFO - [+917354769260] Cycle 1 completed: 1/5 successful in 6.9s
2025-09-03 08:50:49,770 - Forwarder-+917354769260 - INFO - [+917354769260] SUCCESS: Forwarded to https://t.me/AutoAdsService
2025-09-03 08:50:50,474 - Forwarder-+919720613767 - ERROR - [+919720613767] Failed to get entity -1002899891880: Cannot find any entity corresponding to "-1002899891880"
2025-09-03 08:50:51,170 - Forwarder-+917354769260 - ERROR - [+917354769260] Failed to get entity -1003089800937: Cannot find any entity corresponding to "-1003089800937"
2025-09-03 08:50:51,800 - Forwarder-+919720613767 - ERROR - [+919720613767] Failed to get entity -1002899891880: Cannot find any entity corresponding to "-1002899891880"
2025-09-03 08:50:52,659 - Forwarder-+917354769260 - ERROR - [+917354769260] Failed to get entity -1003089800937: Cannot find any entity corresponding to "-1003089800937"
2025-09-03 08:50:53,125 - Forwarder-+919720613767 - ERROR - [+919720613767] Failed to get entity -1002899891880: Cannot find any entity corresponding to "-1002899891880"
2025-09-03 08:50:54,080 - Forwarder-+917354769260 - ERROR - [+917354769260] Failed to get entity -1003089800937: Cannot find any entity corresponding to "-1003089800937"
2025-09-03 08:50:54,127 - Forwarder-+919720613767 - INFO - [+919720613767] Cycle 2 completed: 0/3 successful in 7.8s
2025-09-03 08:50:55,083 - Forwarder-+917354769260 - ERROR - [+917354769260] Failed to get entity @+BpfSkmJMvTMyOWI9: Cannot find any entity corresponding to "@+BpfSkmJMvTMyOWI9"
2025-09-03 08:50:56,085 - Forwarder-+917354769260 - INFO - [+917354769260] Cycle 2 completed: 1/5 successful in 7.1s
2025-09-03 08:51:47,380 - MainThread - INFO - All user forwarding threads stopped
2025-09-03 08:51:54,156 - Forwarder-+919720613767 - INFO - [+919720613767] Final stats: 0 successful, 6 failed (Runtime: 2m 12s)
2025-09-03 08:51:56,113 - Forwarder-+917354769260 - INFO - [+917354769260] Final stats: 2 successful, 8 failed (Runtime: 2m 13s)
