2025-09-03 08:10:11 | TelegramForwarder | INFO | log_success:444 | SUCCESS | Retrieved message from me | {"message_id": 54, "message_type": "text", "preview": "Text: \ud83d\udcf1 Unbans - Directly From Rep\n\nFast and reliable un..."}
2025-09-03 08:10:11 | TelegramForwarder | INFO | log_success:444 | SUCCESS | Retrieved message from me | {"message_id": 979, "message_type": "text", "preview": "Text: \ud83d\udcf1 Unbans - Directly From Rep\n\nFast and reliable un..."}
2025-09-03 08:10:12 | TelegramForwarder | INFO | log_success:444 | SUCCESS | Forward to AutoAdsService
2025-09-03 08:10:12 | TelegramForwarder | INFO | log_success:444 | SUCCESS | Forward to -1002899891880
2025-09-03 09:09:23 | TelegramForwarder | INFO | log_success:444 | SUCCESS | Retrieved message from me | {"message_id": 979, "message_type": "text", "preview": "Text: \ud83d\udcf1 Unbans - Directly From Rep\n\nFast and reliable un..."}
2025-09-03 09:09:23 | TelegramForwarder | INFO | log_success:444 | SUCCESS | Retrieved message from me | {"message_id": 54, "message_type": "text", "preview": "Text: \ud83d\udcf1 Unbans - Directly From Rep\n\nFast and reliable un..."}
2025-09-03 09:09:23 | TelegramForwarder | INFO | log_success:444 | SUCCESS | Forward to AutoAdsService
2025-09-03 09:09:23 | TelegramForwarder | INFO | log_success:444 | SUCCESS | Forward to -1002899891880
2025-09-03 09:10:24 | TelegramForwarder | INFO | log_success:444 | SUCCESS | Forward to -1002899891880
2025-09-03 09:10:24 | TelegramForwarder | INFO | log_success:444 | SUCCESS | Forward to -1003089800937
2025-09-03 09:11:24 | TelegramForwarder | INFO | log_success:444 | SUCCESS | Forward to -1002899891880
2025-09-03 09:12:24 | TelegramForwarder | INFO | log_success:444 | SUCCESS | Retrieved message from me | {"message_id": 54, "message_type": "text", "preview": "Text: \ud83d\udcf1 Unbans - Directly From Rep\n\nFast and reliable un..."}
2025-09-03 09:12:24 | TelegramForwarder | INFO | log_success:444 | SUCCESS | Forward to -1002899891880
2025-09-03 09:12:25 | TelegramForwarder | INFO | log_success:444 | SUCCESS | Forward to -1003089800937
2025-09-03 09:13:25 | TelegramForwarder | INFO | log_success:444 | SUCCESS | Forward to -1002899891880
2025-09-03 09:13:25 | TelegramForwarder | INFO | log_success:444 | SUCCESS | Successfully joined supergroup: Messages | {"id": 2914926984, "title": "Messages", "username": null, "type": "supergroup", "participants_count": null, "access_hash": 3228085165420454251}
2025-09-03 09:13:25 | TelegramForwarder | INFO | log_success:444 | SUCCESS | Forward to BpfSkmJMvTMyOWI9
2025-09-03 09:14:25 | TelegramForwarder | INFO | log_success:444 | SUCCESS | Forward to -1002899891880
2025-09-03 09:14:25 | TelegramForwarder | INFO | log_success:444 | SUCCESS | Retrieved message from me | {"message_id": 979, "message_type": "text", "preview": "Text: \ud83d\udcf1 Unbans - Directly From Rep\n\nFast and reliable un..."}
2025-09-03 09:15:25 | TelegramForwarder | INFO | log_success:444 | SUCCESS | Retrieved message from me | {"message_id": 54, "message_type": "text", "preview": "Text: \ud83d\udcf1 Unbans - Directly From Rep\n\nFast and reliable un..."}
2025-09-03 09:15:26 | TelegramForwarder | INFO | log_success:444 | SUCCESS | Forward to -1002899891880
2025-09-03 09:15:26 | TelegramForwarder | INFO | log_success:444 | SUCCESS | Forward to -1003089800937
2025-09-03 09:16:26 | TelegramForwarder | INFO | log_success:444 | SUCCESS | Forward to -1002899891880
2025-09-03 09:16:26 | TelegramForwarder | INFO | log_success:444 | SUCCESS | Forward to -1003089800937
2025-09-03 09:17:26 | TelegramForwarder | INFO | log_success:444 | SUCCESS | Forward to -1002899891880
2025-09-03 09:18:27 | TelegramForwarder | INFO | log_success:444 | SUCCESS | Retrieved message from me | {"message_id": 54, "message_type": "text", "preview": "Text: \ud83d\udcf1 Unbans - Directly From Rep\n\nFast and reliable un..."}
2025-09-03 09:18:27 | TelegramForwarder | INFO | log_success:444 | SUCCESS | Successfully joined supergroup: Messages | {"id": 2914926984, "title": "Messages", "username": null, "type": "supergroup", "participants_count": null, "access_hash": 3228085165420454251}
2025-09-03 09:18:27 | TelegramForwarder | INFO | log_success:444 | SUCCESS | Forward to -1002899891880
2025-09-03 09:18:27 | TelegramForwarder | INFO | log_success:444 | SUCCESS | Forward to BpfSkmJMvTMyOWI9
2025-09-03 09:19:27 | TelegramForwarder | INFO | log_success:444 | SUCCESS | Retrieved message from me | {"message_id": 979, "message_type": "text", "preview": "Text: \ud83d\udcf1 Unbans - Directly From Rep\n\nFast and reliable un..."}
2025-09-03 09:19:28 | TelegramForwarder | INFO | log_success:444 | SUCCESS | Forward to -1002899891880
2025-09-03 09:38:38 | TelegramForwarder | INFO | log_success:444 | SUCCESS | Retrieved message from me | {"message_id": 979, "message_type": "text", "preview": "Text: \ud83d\udcf1 Unbans - Directly From Rep\n\nFast and reliable un..."}
2025-09-03 09:38:38 | TelegramForwarder | INFO | log_success:444 | SUCCESS | Retrieved message from me | {"message_id": 54, "message_type": "text", "preview": "Text: \ud83d\udcf1 Unbans - Directly From Rep\n\nFast and reliable un..."}
2025-09-03 09:38:38 | TelegramForwarder | INFO | log_success:444 | SUCCESS | Forward to AutoAdsService
2025-09-03 09:38:38 | TelegramForwarder | INFO | log_success:444 | SUCCESS | Forward to -1002899891880
2025-09-03 09:39:09 | TelegramForwarder | INFO | log_success:444 | SUCCESS | Forward to -1002899891880
2025-09-03 09:39:39 | TelegramForwarder | INFO | log_success:444 | SUCCESS | Forward to -1003089800937
2025-09-03 09:40:39 | TelegramForwarder | INFO | log_success:444 | SUCCESS | Forward to -1003089800937
2025-09-03 09:40:48 | TelegramForwarder | INFO | log_success:444 | SUCCESS | Retrieved message from me | {"message_id": 54, "message_type": "text", "preview": "Text: \ud83d\udcf1 Unbans - Directly From Rep\n\nFast and reliable un..."}
2025-09-03 09:40:49 | TelegramForwarder | INFO | log_success:444 | SUCCESS | Forward to -1002899891880
2025-09-03 09:41:19 | TelegramForwarder | INFO | log_success:444 | SUCCESS | Forward to -1002899891880
2025-09-03 09:41:42 | TelegramForwarder | INFO | log_success:444 | SUCCESS | Forward to -1003089800937
2025-09-03 09:41:50 | TelegramForwarder | INFO | log_success:444 | SUCCESS | Forward to -1002899891880
2025-09-03 09:42:35 | TelegramForwarder | INFO | log_success:444 | SUCCESS | Retrieved message from me | {"message_id": 54, "message_type": "text", "preview": "Text: \ud83d\udcf1 Unbans - Directly From Rep\n\nFast and reliable un..."}
2025-09-03 09:42:35 | TelegramForwarder | INFO | log_success:444 | SUCCESS | Forward to -1002899891880
2025-09-03 09:42:57 | TelegramForwarder | INFO | log_success:444 | SUCCESS | Successfully joined supergroup: Messages | {"id": 2914926984, "title": "Messages", "username": null, "type": "supergroup", "participants_count": null, "access_hash": 3228085165420454251}
2025-09-03 09:42:57 | TelegramForwarder | INFO | log_success:444 | SUCCESS | Forward to BpfSkmJMvTMyOWI9
2025-09-03 09:43:57 | TelegramForwarder | INFO | log_success:444 | SUCCESS | Retrieved message from me | {"message_id": 979, "message_type": "text", "preview": "Text: \ud83d\udcf1 Unbans - Directly From Rep\n\nFast and reliable un..."}
2025-09-03 09:43:58 | TelegramForwarder | INFO | log_success:444 | SUCCESS | Forward to AutoAdsService
2025-09-03 09:44:07 | TelegramForwarder | INFO | log_success:444 | SUCCESS | Retrieved message from me | {"message_id": 54, "message_type": "text", "preview": "Text: \ud83d\udcf1 Unbans - Directly From Rep\n\nFast and reliable un..."}
2025-09-03 09:44:07 | TelegramForwarder | INFO | log_success:444 | SUCCESS | Forward to -1002899891880
2025-09-03 09:44:39 | TelegramForwarder | INFO | log_success:444 | SUCCESS | Forward to -1002899891880
2025-09-03 09:45:01 | TelegramForwarder | INFO | log_success:444 | SUCCESS | Forward to -1003089800937
2025-09-03 09:45:11 | TelegramForwarder | INFO | log_success:444 | SUCCESS | Forward to -1002899891880
2025-09-03 09:45:41 | TelegramForwarder | INFO | log_success:444 | SUCCESS | Retrieved message from me | {"message_id": 54, "message_type": "text", "preview": "Text: \ud83d\udcf1 Unbans - Directly From Rep\n\nFast and reliable un..."}
2025-09-03 09:45:41 | TelegramForwarder | INFO | log_success:444 | SUCCESS | Forward to -1002899891880
2025-09-03 09:46:02 | TelegramForwarder | INFO | log_success:444 | SUCCESS | Forward to -1003089800937
2025-09-03 09:46:12 | TelegramForwarder | INFO | log_success:444 | SUCCESS | Forward to -1002899891880
2025-09-03 09:46:42 | TelegramForwarder | INFO | log_success:444 | SUCCESS | Forward to -1002899891880
2025-09-03 09:47:15 | TelegramForwarder | INFO | log_success:444 | SUCCESS | Retrieved message from me | {"message_id": 54, "message_type": "text", "preview": "Text: \ud83d\udcf1 Unbans - Directly From Rep\n\nFast and reliable un..."}
2025-09-03 09:47:15 | TelegramForwarder | INFO | log_success:444 | SUCCESS | Forward to -1002899891880
2025-09-03 09:47:45 | TelegramForwarder | INFO | log_success:444 | SUCCESS | Forward to -1002899891880
2025-09-03 09:48:04 | TelegramForwarder | INFO | log_success:444 | SUCCESS | Successfully joined supergroup: Messages | {"id": 2914926984, "title": "Messages", "username": null, "type": "supergroup", "participants_count": null, "access_hash": 3228085165420454251}
2025-09-03 09:48:04 | TelegramForwarder | INFO | log_success:444 | SUCCESS | Forward to BpfSkmJMvTMyOWI9
2025-09-03 09:48:46 | TelegramForwarder | INFO | log_success:444 | SUCCESS | Retrieved message from me | {"message_id": 54, "message_type": "text", "preview": "Text: \ud83d\udcf1 Unbans - Directly From Rep\n\nFast and reliable un..."}
2025-09-03 09:48:46 | TelegramForwarder | INFO | log_success:444 | SUCCESS | Forward to -1002899891880
2025-09-03 09:49:18 | TelegramForwarder | INFO | log_success:444 | SUCCESS | Retrieved message from me | {"message_id": 54, "message_type": "text", "preview": "Text: \ud83d\udcf1 Unbans - Directly From Rep\n\nFast and reliable un..."}
2025-09-03 09:49:18 | TelegramForwarder | INFO | log_success:444 | SUCCESS | Retrieved message from me | {"message_id": 979, "message_type": "text", "preview": "Text: \ud83d\udcf1 Unbans - Directly From Rep\n\nFast and reliable un..."}
2025-09-03 09:49:18 | TelegramForwarder | INFO | log_success:444 | SUCCESS | Forward to AutoAdsService
2025-09-03 09:49:19 | TelegramForwarder | INFO | log_success:444 | SUCCESS | Forward to -1002899891880
2025-09-03 12:28:04 | TelegramForwarder | INFO | log_success:444 | SUCCESS | Retrieved message from me | {"message_id": 979, "message_type": "text", "preview": "Text: \ud83d\udcf1 Unbans - Directly From Rep\n\nFast and reliable un..."}
2025-09-03 12:28:05 | TelegramForwarder | INFO | log_success:444 | SUCCESS | Retrieved message from me | {"message_id": 54, "message_type": "text", "preview": "Text: \ud83d\udcf1 Unbans - Directly From Rep\n\nFast and reliable un..."}
2025-09-03 12:28:05 | TelegramForwarder | INFO | log_success:444 | SUCCESS | Forward to AutoAdsService
2025-09-03 12:28:05 | TelegramForwarder | INFO | log_success:444 | SUCCESS | Forward to -1002899891880
2025-09-03 12:28:35 | TelegramForwarder | INFO | log_success:444 | SUCCESS | Forward to -1002899891880
2025-09-03 12:29:05 | TelegramForwarder | INFO | log_success:444 | SUCCESS | Forward to -1003089800937
2025-09-03 12:29:06 | TelegramForwarder | INFO | log_success:444 | SUCCESS | Forward to -1002899891880
2025-09-03 12:29:36 | TelegramForwarder | INFO | log_success:444 | SUCCESS | Forward to -1002899891880
2025-09-03 12:30:06 | TelegramForwarder | INFO | log_success:444 | SUCCESS | Retrieved message from me | {"message_id": 54, "message_type": "text", "preview": "Text: \ud83d\udcf1 Unbans - Directly From Rep\n\nFast and reliable un..."}
2025-09-03 12:30:07 | TelegramForwarder | INFO | log_success:444 | SUCCESS | Forward to -1002899891880
2025-09-03 12:35:52 | TelegramForwarder | INFO | log_success:444 | SUCCESS | Retrieved message from me | {"message_id": 979, "message_type": "text", "preview": "Text: \ud83d\udcf1 Unbans - Directly From Rep\n\nFast and reliable un..."}
2025-09-03 12:35:52 | TelegramForwarder | INFO | log_success:444 | SUCCESS | Retrieved message from me | {"message_id": 54, "message_type": "text", "preview": "Text: \ud83d\udcf1 Unbans - Directly From Rep\n\nFast and reliable un..."}
2025-09-03 12:35:52 | TelegramForwarder | INFO | log_success:444 | SUCCESS | Forward to -1002899891880
2025-09-03 12:35:52 | TelegramForwarder | INFO | log_success:444 | SUCCESS | Forward to AutoAdsService
2025-09-03 12:36:22 | TelegramForwarder | INFO | log_success:444 | SUCCESS | Forward to -1002899891880
2025-09-03 12:36:53 | TelegramForwarder | INFO | log_success:444 | SUCCESS | Forward to -1003089800937
2025-09-03 12:36:53 | TelegramForwarder | INFO | log_success:444 | SUCCESS | Forward to -1002899891880
2025-09-03 12:37:24 | TelegramForwarder | INFO | log_success:444 | SUCCESS | Forward to -1002899891880
2025-09-03 12:37:54 | TelegramForwarder | INFO | log_success:444 | SUCCESS | Retrieved message from me | {"message_id": 54, "message_type": "text", "preview": "Text: \ud83d\udcf1 Unbans - Directly From Rep\n\nFast and reliable un..."}
2025-09-03 12:37:55 | TelegramForwarder | INFO | log_success:444 | SUCCESS | Forward to -1002899891880
2025-09-03 12:39:01 | TelegramForwarder | INFO | log_success:444 | SUCCESS | Forward to -1003089800937
2025-09-03 12:39:31 | TelegramForwarder | INFO | log_success:444 | SUCCESS | Forward to -1002899891880
2025-09-03 12:48:32 | TelegramForwarder | INFO | log_success:444 | SUCCESS | Retrieved message from me | {"message_id": 979, "message_type": "text", "preview": "Text: \ud83d\udcf1 Unbans - Directly From Rep\n\nFast and reliable un..."}
2025-09-03 12:48:32 | TelegramForwarder | INFO | log_success:444 | SUCCESS | Retrieved message from me | {"message_id": 54, "message_type": "text", "preview": "Text: \ud83d\udcf1 Unbans - Directly From Rep\n\nFast and reliable un..."}
2025-09-03 12:48:33 | TelegramForwarder | INFO | log_success:444 | SUCCESS | Forward to AutoAdsService
2025-09-03 12:48:33 | TelegramForwarder | INFO | log_success:444 | SUCCESS | Forward to -1002899891880
2025-09-03 12:49:03 | TelegramForwarder | INFO | log_success:444 | SUCCESS | Forward to -1002899891880
2025-09-03 12:49:33 | TelegramForwarder | INFO | log_success:444 | SUCCESS | Forward to -1003089800937
2025-09-03 12:49:34 | TelegramForwarder | INFO | log_success:444 | SUCCESS | Forward to -1002899891880
2025-09-03 12:50:04 | TelegramForwarder | INFO | log_success:444 | SUCCESS | Forward to -1002899891880
2025-09-03 12:50:34 | TelegramForwarder | INFO | log_success:444 | SUCCESS | Retrieved message from me | {"message_id": 54, "message_type": "text", "preview": "Text: \ud83d\udcf1 Unbans - Directly From Rep\n\nFast and reliable un..."}
2025-09-03 12:50:35 | TelegramForwarder | INFO | log_success:444 | SUCCESS | Forward to -1002899891880
2025-09-03 12:51:07 | TelegramForwarder | INFO | log_success:444 | SUCCESS | Forward to -1002899891880
2025-09-03 12:51:34 | TelegramForwarder | INFO | log_success:444 | SUCCESS | Forward to -1003089800937
2025-09-03 12:51:37 | TelegramForwarder | INFO | log_success:444 | SUCCESS | Forward to -1002899891880
2025-09-03 12:52:07 | TelegramForwarder | INFO | log_success:444 | SUCCESS | Retrieved message from me | {"message_id": 54, "message_type": "text", "preview": "Text: \ud83d\udcf1 Unbans - Directly From Rep\n\nFast and reliable un..."}
2025-09-03 12:52:08 | TelegramForwarder | INFO | log_success:444 | SUCCESS | Forward to -1002899891880
2025-09-03 13:03:52 | TelegramForwarder | INFO | log_success:444 | SUCCESS | Retrieved message from me | {"message_id": 54, "message_type": "text", "preview": "Text: \ud83d\udcf1 Unbans - Directly From Rep\n\nFast and reliable un..."}
2025-09-03 13:03:52 | TelegramForwarder | INFO | log_success:444 | SUCCESS | Retrieved message from me | {"message_id": 979, "message_type": "text", "preview": "Text: \ud83d\udcf1 Unbans - Directly From Rep\n\nFast and reliable un..."}
2025-09-03 13:03:53 | TelegramForwarder | INFO | log_success:444 | SUCCESS | Forward to -1002899891880
2025-09-03 13:03:53 | TelegramForwarder | INFO | log_success:444 | SUCCESS | Forward to AutoAdsService
